<?xml version="1.0" encoding="UTF-8" ?>
<testsuite tests="22" failures="0" name="fileio.parkinglot.ParkingLotApplicationTest" time="0.061" errors="0" skipped="0">
  <properties>
    <property name="java.runtime.name" value="OpenJDK Runtime Environment"/>
    <property name="sun.boot.library.path" value="/Library/Java/JavaVirtualMachines/adoptopenjdk-8.jdk/Contents/Home/jre/lib"/>
    <property name="java.vm.version" value="25.232-b09"/>
    <property name="gopherProxySet" value="false"/>
    <property name="java.vm.vendor" value="AdoptOpenJDK"/>
    <property name="maven.multiModuleProjectDirectory" value="/Users/jumbotail/WorkSpace/ParkingLot"/>
    <property name="java.vendor.url" value="http://java.oracle.com/"/>
    <property name="path.separator" value=":"/>
    <property name="guice.disable.misplaced.annotation.check" value="true"/>
    <property name="java.vm.name" value="OpenJDK 64-Bit Server VM"/>
    <property name="file.encoding.pkg" value="sun.io"/>
    <property name="user.country" value="IN"/>
    <property name="sun.java.launcher" value="SUN_STANDARD"/>
    <property name="sun.os.patch.level" value="unknown"/>
    <property name="java.vm.specification.name" value="Java Virtual Machine Specification"/>
    <property name="user.dir" value="/Users/jumbotail/WorkSpace/ParkingLot"/>
    <property name="java.runtime.version" value="1.8.0_232-b09"/>
    <property name="java.awt.graphicsenv" value="sun.awt.CGraphicsEnvironment"/>
    <property name="java.endorsed.dirs" value="/Library/Java/JavaVirtualMachines/adoptopenjdk-8.jdk/Contents/Home/jre/lib/endorsed"/>
    <property name="os.arch" value="x86_64"/>
    <property name="java.io.tmpdir" value="/var/folders/pn/5rm0k60d7hz6sg4y9fm01y340000gn/T/"/>
    <property name="line.separator" value="
"/>
    <property name="java.vm.specification.vendor" value="Oracle Corporation"/>
    <property name="os.name" value="Mac OS X"/>
    <property name="classworlds.conf" value="/Users/jumbotail/ApacheMaven/apache-maven-3.6.3/bin/m2.conf"/>
    <property name="sun.jnu.encoding" value="UTF-8"/>
    <property name="java.library.path" value="/Users/jumbotail/Library/Java/Extensions:/Library/Java/Extensions:/Network/Library/Java/Extensions:/System/Library/Java/Extensions:/usr/lib/java:."/>
    <property name="maven.conf" value="/Users/jumbotail/ApacheMaven/apache-maven-3.6.3/conf"/>
    <property name="java.specification.name" value="Java Platform API Specification"/>
    <property name="java.class.version" value="52.0"/>
    <property name="sun.management.compiler" value="HotSpot 64-Bit Tiered Compilers"/>
    <property name="os.version" value="10.14.6"/>
    <property name="library.jansi.path" value="/Users/jumbotail/ApacheMaven/apache-maven-3.6.3/lib/jansi-native"/>
    <property name="http.nonProxyHosts" value="local|*.local|169.254/16|*.169.254/16"/>
    <property name="user.home" value="/Users/jumbotail"/>
    <property name="user.timezone" value="Asia/Kolkata"/>
    <property name="java.awt.printerjob" value="sun.lwawt.macosx.CPrinterJob"/>
    <property name="java.specification.version" value="1.8"/>
    <property name="file.encoding" value="US-ASCII"/>
    <property name="user.name" value="jumbotail"/>
    <property name="java.class.path" value="/Users/jumbotail/ApacheMaven/apache-maven-3.6.3/boot/plexus-classworlds-2.6.0.jar"/>
    <property name="java.vm.specification.version" value="1.8"/>
    <property name="sun.arch.data.model" value="64"/>
    <property name="java.home" value="/Library/Java/JavaVirtualMachines/adoptopenjdk-8.jdk/Contents/Home/jre"/>
    <property name="sun.java.command" value="org.codehaus.plexus.classworlds.launcher.Launcher clean install"/>
    <property name="java.specification.vendor" value="Oracle Corporation"/>
    <property name="user.language" value="en"/>
    <property name="awt.toolkit" value="sun.lwawt.macosx.LWCToolkit"/>
    <property name="java.vm.info" value="mixed mode"/>
    <property name="java.version" value="1.8.0_232"/>
    <property name="java.ext.dirs" value="/Users/jumbotail/Library/Java/Extensions:/Library/Java/JavaVirtualMachines/adoptopenjdk-8.jdk/Contents/Home/jre/lib/ext:/Library/Java/Extensions:/Network/Library/Java/Extensions:/System/Library/Java/Extensions:/usr/lib/java"/>
    <property name="sun.boot.class.path" value="/Library/Java/JavaVirtualMachines/adoptopenjdk-8.jdk/Contents/Home/jre/lib/resources.jar:/Library/Java/JavaVirtualMachines/adoptopenjdk-8.jdk/Contents/Home/jre/lib/rt.jar:/Library/Java/JavaVirtualMachines/adoptopenjdk-8.jdk/Contents/Home/jre/lib/sunrsasign.jar:/Library/Java/JavaVirtualMachines/adoptopenjdk-8.jdk/Contents/Home/jre/lib/jsse.jar:/Library/Java/JavaVirtualMachines/adoptopenjdk-8.jdk/Contents/Home/jre/lib/jce.jar:/Library/Java/JavaVirtualMachines/adoptopenjdk-8.jdk/Contents/Home/jre/lib/charsets.jar:/Library/Java/JavaVirtualMachines/adoptopenjdk-8.jdk/Contents/Home/jre/lib/jfr.jar:/Library/Java/JavaVirtualMachines/adoptopenjdk-8.jdk/Contents/Home/jre/classes"/>
    <property name="java.vendor" value="AdoptOpenJDK"/>
    <property name="maven.home" value="/Users/jumbotail/ApacheMaven/apache-maven-3.6.3"/>
    <property name="file.separator" value="/"/>
    <property name="java.vendor.url.bug" value="http://bugreport.sun.com/bugreport/"/>
    <property name="sun.cpu.endian" value="little"/>
    <property name="sun.io.unicode.encoding" value="UnicodeBig"/>
    <property name="socksNonProxyHosts" value="local|*.local|169.254/16|*.169.254/16"/>
    <property name="ftp.nonProxyHosts" value="local|*.local|169.254/16|*.169.254/16"/>
    <property name="sun.cpu.isalist" value=""/>
  </properties>
  <testcase classname="fileio.parkinglot.ParkingLotApplicationTest" name="testingSlotNumberWhichAreDrivenByDriversOfParticularAgeWhenAgeIsNull" time="0.047"/>
  <testcase classname="fileio.parkinglot.ParkingLotApplicationTest" name="testingVehicleNumberWhichAreDrivenByDriversOfParticularAgeButVehiclesAreNotPresent" time="0"/>
  <testcase classname="fileio.parkinglot.ParkingLotApplicationTest" name="assignParkingSlotsCompletelyAndTestingTheParkingFullCase" time="0"/>
  <testcase classname="fileio.parkinglot.ParkingLotApplicationTest" name="testAssignParkingSlotForAVehicleWhenDriverDetailsIsNull" time="0"/>
  <testcase classname="fileio.parkinglot.ParkingLotApplicationTest" name="createParkingLot" time="0"/>
  <testcase classname="fileio.parkinglot.ParkingLotApplicationTest" name="testCreatingParkingLotWithInvalidCapacity" time="0"/>
  <testcase classname="fileio.parkinglot.ParkingLotApplicationTest" name="testingVehicleNumberWhichAreDrivenByDriversOfParticularAge" time="0.001"/>
  <testcase classname="fileio.parkinglot.ParkingLotApplicationTest" name="alreadyExistParkingLot" time="0"/>
  <testcase classname="fileio.parkinglot.ParkingLotApplicationTest" name="testingVehicleNumberWhichAreDrivenByDriversOfParticularAgeWhenAgeValueIsInvalid" time="0.001"/>
  <testcase classname="fileio.parkinglot.ParkingLotApplicationTest" name="testingSlotNumberWhichAreDrivenByDriversOfParticularAgeButVehiclesAreNotPresent" time="0"/>
  <testcase classname="fileio.parkinglot.ParkingLotApplicationTest" name="testAssignParkingSlotForAVehicleWhenVehicleDetailsIsNull" time="0"/>
  <testcase classname="fileio.parkinglot.ParkingLotApplicationTest" name="testingVehicleNumberWhichAreDrivenByDriversOfParticularAgeWhenAgeIsNull" time="0"/>
  <testcase classname="fileio.parkinglot.ParkingLotApplicationTest" name="testingSlotNumberGivenVehicleRegistrationNumberWhenNumberIsNull" time="0.001"/>
  <testcase classname="fileio.parkinglot.ParkingLotApplicationTest" name="testingLeavingTheVehicleWhenSlotIdIsNull" time="0"/>
  <testcase classname="fileio.parkinglot.ParkingLotApplicationTest" name="testingSlotNumberGivenVehicleRegistrationNumber" time="0"/>
  <testcase classname="fileio.parkinglot.ParkingLotApplicationTest" name="testingSlotNumberWhichAreDrivenByDriversOfParticularAge" time="0.01"/>
  <testcase classname="fileio.parkinglot.ParkingLotApplicationTest" name="testingSlotNumberWhichAreDrivenByDriversOfParticularAgeWhenAgeValueIsInvalid" time="0"/>
  <testcase classname="fileio.parkinglot.ParkingLotApplicationTest" name="testAssignParkingSlotForAVehicle" time="0.001"/>
  <testcase classname="fileio.parkinglot.ParkingLotApplicationTest" name="testingLeavingTheVehicle" time="0"/>
  <testcase classname="fileio.parkinglot.ParkingLotApplicationTest" name="testingParkingAndLeavingMultipleVehicles" time="0"/>
  <testcase classname="fileio.parkinglot.ParkingLotApplicationTest" name="testingSlotNumberGivenVehicleRegistrationNumberWhenVehicleDoesNotExists" time="0"/>
  <testcase classname="fileio.parkinglot.ParkingLotApplicationTest" name="assignParkingSlotForMultipleVehicles" time="0"/>
</testsuite>